Arguments: 
  C:\Program Files\nodejs\node.exe C:\Users\Muhammed\AppData\Roaming\npm\node_modules\yarn\bin\yarn.js

PATH: 
  C:\Users\Muhammed\bin;C:\Program Files\Git\mingw64\bin;C:\Program Files\Git\usr\local\bin;C:\Program Files\Git\usr\bin;C:\Program Files\Git\usr\bin;C:\Program Files\Git\mingw64\bin;C:\Program Files\Git\usr\bin;C:\Users\Muhammed\bin;C:\WINDOWS\system32;C:\WINDOWS;C:\WINDOWS\System32\Wbem;C:\WINDOWS\System32\WindowsPowerShell\v1.0;C:\WINDOWS\System32\OpenSSH;C:\Program Files\Docker\Docker\resources\bin;C:\Program Files\nodejs;C:\Program Files\Git\cmd;C:\Users\Muhammed\AppData\Local\Microsoft\WindowsApps;C:\Users\Muhammed\AppData\Local\Programs\Microsoft VS Code\bin;C:\Users\Muhammed\AppData\Roaming\npm;C:\Program Files\Git\usr\bin\vendor_perl;C:\Program Files\Git\usr\bin\core_perl

Yarn version: 
  1.22.19

Node version: 
  18.16.0

Platform: 
  win32 x64

Trace: 
  Error: EPERM: operation not permitted, unlink 'C:\Users\Muhammed\Desktop\personal-website\node_modules\esbuild-windows-64\esbuild.exe'

npm manifest: 
  {
    "name": "vitereact",
    "version": "0.0.0",
    "scripts": {
      "dev": "vite",
      "build": "vite build",
      "preview": "vite preview"
    },
    "dependencies": {
      "@tabler/icons-react": "^2.39.0",
      "caniuse-lite": "^1.0.30001517",
      "express": "^4.18.2",
      "nodemailer": "^6.9.4",
      "react": "^17.0.2",
      "react-awesome-button": "^6.5.1",
      "react-countup": "^6.4.2",
      "react-dom": "^17.0.2",
      "react-icons": "^4.10.1",
      "react-loader-spinner": "^5.1.2",
      "react-router-dom": "^6.2.1",
      "swiper": "^8.3.2",
      "tabler-icons-react": "^1.56.0"
    },
    "devDependencies": {
      "@vitejs/plugin-react": "^1.0.7",
      "autoprefixer": "^10.4.2",
      "postcss": "^8.4.5",
      "tailwindcss": "^3.0.13",
      "vite": "^2.7.2"
    }
  }

yarn manifest: 
  No manifest

Lockfile: 
  No lockfile
